INFO     [2015-04-23 21:15:37,552] b'USER anonymous\r\n'
INFO     [2015-04-23 21:15:37,553] b'PASS anon@localhost\r\n'
INFO     [2015-04-23 21:15:37,553] b'SYST\r\n'
INFO     [2015-04-23 21:15:37,554] b'FEAT\r\n'
INFO     [2015-04-23 21:15:37,555] b'PWD\r\n'
INFO     [2015-04-23 21:15:37,557] b'TYPE I\r\n'
INFO     [2015-04-23 21:15:37,557] b'PASV\r\n'
INFO     [2015-04-23 21:15:37,558] b'LIST\r\n'
INFO     [2015-04-23 21:15:45,469] b'CWD lab2\r\n'
INFO     [2015-04-23 21:15:45,470] b'PWD\r\n'
INFO     [2015-04-23 21:15:45,470] b'PASV\r\n'
INFO     [2015-04-23 21:15:45,471] b'LIST\r\n'
INFO     [2015-04-23 21:15:46,277] b'CDUP\r\n'
INFO     [2015-04-23 21:15:46,277] b'PWD\r\n'
INFO     [2015-04-23 21:16:20,519] b''
INFO     [2015-04-23 21:28:46,483] b'USER anonymous\r\n'
INFO     [2015-04-23 21:28:46,483] b'PASS anon@localhost\r\n'
INFO     [2015-04-23 21:28:46,492] b'PWD\r\n'
INFO     [2015-04-23 21:28:53,021] b'CWD new_labs\r\n'
INFO     [2015-04-23 21:28:53,022] b'PWD\r\n'
INFO     [2015-04-23 21:28:53,022] b'TYPE I\r\n'
INFO     [2015-04-23 21:28:53,022] b'PASV\r\n'
INFO     [2015-04-23 21:28:53,023] b'LIST\r\n'
INFO     [2015-04-23 21:28:53,949] b'CDUP\r\n'
INFO     [2015-04-23 21:28:53,950] b'PWD\r\n'
INFO     [2015-04-23 21:28:55,795] b''
INFO     [2015-04-23 21:28:59,549] b'USER anonymous\r\n'
INFO     [2015-04-23 21:28:59,549] b'PASS anon@localhost\r\n'
INFO     [2015-04-23 21:28:59,558] b'PWD\r\n'
INFO     [2015-04-23 21:29:01,144] b''
INFO     [2015-04-23 21:29:38,735] b'USER ali\r\n'
INFO     [2015-04-23 21:29:38,735] b''
INFO     [2015-04-23 21:29:43,741] b'USER ali\r\n'
INFO     [2015-04-23 21:29:43,744] b''
INFO     [2015-04-23 21:30:38,858] b'USER ali\r\n'
INFO     [2015-04-23 21:30:38,859] b''
INFO     [2015-04-23 21:30:43,863] b'USER ali\r\n'
INFO     [2015-04-23 21:30:43,863] b''
INFO     [2015-04-23 21:31:55,736] b'USER ali\r\n'
INFO     [2015-04-23 21:31:55,737] b''
INFO     [2015-04-23 21:32:00,743] b'USER ali\r\n'
INFO     [2015-04-23 21:32:00,745] b''
INFO     [2015-04-23 21:32:37,734] b'USER ali\r\n'
INFO     [2015-04-23 21:32:37,736] b''
INFO     [2015-04-23 21:32:56,103] b'USER ali\r\n'
INFO     [2015-04-23 21:32:56,104] b''
INFO     [2015-04-23 21:33:54,842] b'USER ali\r\n'
INFO     [2015-04-23 21:33:54,843] b''
INFO     [2015-04-23 21:33:59,845] b'USER ali\r\n'
INFO     [2015-04-23 21:33:59,846] b''
INFO     [2015-04-23 21:35:25,648] b'USER ali\r\n'
INFO     [2015-04-23 21:35:25,649] b'PASS 12345\r\n'
INFO     [2015-04-23 21:35:25,649] b'SYST\r\n'
INFO     [2015-04-23 21:35:25,650] b'FEAT\r\n'
INFO     [2015-04-23 21:35:25,655] b'PWD\r\n'
INFO     [2015-04-23 21:35:25,656] b'TYPE I\r\n'
INFO     [2015-04-23 21:35:25,657] b'PASV\r\n'
INFO     [2015-04-23 21:35:25,658] b'LIST\r\n'
INFO     [2015-04-23 21:35:33,896] b''
INFO     [2015-04-23 21:35:51,712] b'USER ali\r\n'
INFO     [2015-04-23 21:35:51,712] b'PASS 12345\r\n'
INFO     [2015-04-23 21:35:51,718] b'PWD\r\n'
INFO     [2015-04-23 21:36:55,697] b'USER serg\r\n'
INFO     [2015-04-23 21:36:55,699] b'PASS Klimov\r\n'
INFO     [2015-04-23 21:36:55,699] b''
INFO     [2015-04-23 21:37:30,971] b'USER serg\r\n'
INFO     [2015-04-23 21:37:30,972] b'PASS klimov\r\n'
INFO     [2015-04-23 21:37:30,972] b''
INFO     [2015-04-23 21:38:58,496] b'USER serg\r\n'
INFO     [2015-04-23 21:38:58,496] b'PASS klimov\r\n'
INFO     [2015-04-23 21:38:58,497] b'SYST\r\n'
INFO     [2015-04-23 21:38:58,498] b'FEAT\r\n'
INFO     [2015-04-23 21:38:58,501] b'PWD\r\n'
INFO     [2015-04-23 21:38:58,501] b'TYPE I\r\n'
INFO     [2015-04-23 21:38:58,502] b'PASV\r\n'
INFO     [2015-04-23 21:38:58,503] b'LIST\r\n'
INFO     [2015-04-23 21:39:02,918] b''
INFO     [2015-04-23 21:39:29,809] b'USER serg\r\n'
INFO     [2015-04-23 21:39:29,810] b'PASS Klimov\r\n'
INFO     [2015-04-23 21:39:29,811] b'SYST\r\n'
INFO     [2015-04-23 21:39:29,811] b'FEAT\r\n'
INFO     [2015-04-23 21:39:29,815] b'PWD\r\n'
INFO     [2015-04-23 21:39:29,816] b'TYPE I\r\n'
INFO     [2015-04-23 21:39:29,816] b'PASV\r\n'
INFO     [2015-04-23 21:39:29,817] b'LIST\r\n'
INFO     [2015-04-23 21:39:33,724] b'CWD lab2\r\n'
INFO     [2015-04-23 21:39:33,725] b'PWD\r\n'
INFO     [2015-04-23 21:39:33,725] b'PASV\r\n'
INFO     [2015-04-23 21:39:33,726] b'LIST\r\n'
INFO     [2015-04-23 21:39:34,425] b'CWD folder\r\n'
INFO     [2015-04-23 21:39:34,426] b'PWD\r\n'
INFO     [2015-04-23 21:39:34,426] b'PASV\r\n'
INFO     [2015-04-23 21:39:34,428] b'LIST\r\n'
INFO     [2015-04-23 21:39:35,191] b'CDUP\r\n'
INFO     [2015-04-23 21:39:35,192] b'PWD\r\n'
INFO     [2015-04-23 21:39:35,667] b'CDUP\r\n'
INFO     [2015-04-23 21:39:35,667] b'PWD\r\n'
INFO     [2015-04-23 21:39:38,397] b''
INFO     [2015-04-23 21:46:50,932] b'USER serg\r\n'
INFO     [2015-04-23 21:46:50,932] b'PASS Klimov\r\n'
INFO     [2015-04-23 21:46:50,935] b'PWD\r\n'
INFO     [2015-04-23 21:46:57,644] b''
INFO     [2015-04-23 21:47:13,915] b'USER serg\r\n'
INFO     [2015-04-23 21:47:13,917] b'PASS Klimov\r\n'
INFO     [2015-04-23 21:47:13,920] b'PWD\r\n'
INFO     [2015-04-23 21:47:17,845] b''
INFO     [2015-04-23 22:00:05,738] b'USER serg\r\n'
INFO     [2015-04-23 22:00:05,739] b'PASS Klimov\r\n'
INFO     [2015-04-23 22:00:05,739] b'SYST\r\n'
INFO     [2015-04-23 22:00:05,740] b'FEAT\r\n'
INFO     [2015-04-23 22:00:05,757] b'PWD\r\n'
INFO     [2015-04-23 22:00:05,760] b'TYPE I\r\n'
INFO     [2015-04-23 22:00:05,760] b'PASV\r\n'
INFO     [2015-04-23 22:00:05,762] b'LIST\r\n'
INFO     [2015-04-23 22:00:24,379] b'USER kitty\r\n'
INFO     [2015-04-23 22:00:24,380] b'PASS 12345\r\n'
INFO     [2015-04-23 22:00:24,381] b'SYST\r\n'
INFO     [2015-04-23 22:00:24,382] b'FEAT\r\n'
INFO     [2015-04-23 22:00:24,402] b'PWD\r\n'
INFO     [2015-04-23 22:00:24,405] b'TYPE I\r\n'
INFO     [2015-04-23 22:00:24,405] b'PASV\r\n'
INFO     [2015-04-23 22:00:24,407] b'LIST\r\n'
INFO     [2015-04-23 22:03:39,711] b''
INFO     [2015-04-23 22:03:42,537] b''
INFO     [2015-04-23 22:05:09,596] b'USER serg\r\n'
INFO     [2015-04-23 22:05:09,597] b'PASS klimov\r\n'
INFO     [2015-04-23 22:05:09,597] b''
INFO     [2015-04-23 22:16:42,926] b'USER serg\r\n'
INFO     [2015-04-23 22:16:42,928] b'PASS Klimov\r\n'
INFO     [2015-04-23 22:16:42,933] b'PWD\r\n'
INFO     [2015-04-23 22:40:17,631] b'USER serg\r\n'
INFO     [2015-04-23 22:40:17,633] b'PASS Klimov\r\n'
INFO     [2015-04-23 22:40:17,639] b'PWD\r\n'
INFO     [2015-04-23 22:40:17,639] b'TYPE I\r\n'
INFO     [2015-04-23 22:40:17,640] b'PASV\r\n'
INFO     [2015-04-23 22:40:17,641] b'LIST\r\n'
INFO     [2015-04-23 22:40:29,847] b''
INFO     [2015-04-23 22:42:10,216] b'USER serg\r\n'
INFO     [2015-04-23 22:42:10,217] b'PASS Klimov\r\n'
INFO     [2015-04-23 22:42:10,234] b'PWD\r\n'
INFO     [2015-04-23 22:42:13,072] b'USER serg\r\n'
INFO     [2015-04-23 22:42:13,072] b'PASS Klimov\r\n'
INFO     [2015-04-23 22:42:13,076] b'CWD D:\\common_linux\r\n'
INFO     [2015-04-23 22:42:13,077] b'PWD\r\n'
INFO     [2015-04-23 22:42:15,325] b'TYPE I\r\n'
INFO     [2015-04-23 22:42:15,326] b'PASV\r\n'
INFO     [2015-04-23 22:42:15,327] b'RETR IMG_2223.jpg\r\n'
INFO     [2015-04-23 22:42:22,739] b'CWD new_labs\r\n'
INFO     [2015-04-23 22:42:22,740] b'PWD\r\n'
INFO     [2015-04-23 22:42:22,740] b'TYPE I\r\n'
INFO     [2015-04-23 22:42:22,741] b'PASV\r\n'
INFO     [2015-04-23 22:42:22,742] b'LIST\r\n'
INFO     [2015-04-23 22:42:24,201] b'CWD lab4\r\n'
INFO     [2015-04-23 22:42:24,202] b'PWD\r\n'
INFO     [2015-04-23 22:42:24,202] b'PASV\r\n'
INFO     [2015-04-23 22:42:24,203] b'LIST\r\n'
INFO     [2015-04-23 22:42:26,159] b'CDUP\r\n'
INFO     [2015-04-23 22:42:26,161] b'PWD\r\n'
INFO     [2015-04-23 22:42:26,807] b'CDUP\r\n'
INFO     [2015-04-23 22:42:26,808] b'PWD\r\n'
INFO     [2015-04-23 22:42:28,264] b''
INFO     [2015-04-23 22:43:25,500] b'USER serg\r\n'
INFO     [2015-04-23 22:43:25,500] b'PASS Klimov\r\n'
INFO     [2015-04-23 22:43:25,509] b'PWD\r\n'
INFO     [2015-04-23 22:43:28,138] b'USER serg\r\n'
INFO     [2015-04-23 22:43:28,139] b'PASS Klimov\r\n'
INFO     [2015-04-23 22:43:28,142] b'CWD D:\\common_linux\r\n'
INFO     [2015-04-23 22:43:28,144] b'TYPE A\r\n'
INFO     [2015-04-23 22:43:28,144] b'PASV\r\n'
INFO     [2015-04-23 22:43:28,146] b'RETR 2.txt\r\n'
INFO     [2015-04-23 22:49:11,257] b'USER serg\r\n'
INFO     [2015-04-23 22:49:14,674] b'PASS Klimov\r\n'
INFO     [2015-04-23 22:49:19,547] b'PORT 192,168,0,106,231,84\r\n'
INFO     [2015-04-23 22:51:48,688] b'USER serg\r\n'
INFO     [2015-04-23 22:51:51,072] b'PASS Klimov\r\n'
INFO     [2015-04-23 22:52:01,593] b'pasv\r\n'
INFO     [2015-04-23 22:52:11,395] b'TYPE I\r\n'
INFO     [2015-04-23 22:52:15,655] b'TYPE A\r\n'
INFO     [2015-04-23 22:52:15,656] b'PORT 192,168,0,106,233,236\r\n'
INFO     [2015-04-23 22:56:26,299] b'USER serg\r\n'
INFO     [2015-04-23 22:56:26,300] b'PASS Klimov\r\n'
INFO     [2015-04-23 22:56:26,306] b'PWD\r\n'
INFO     [2015-04-23 22:56:28,384] b'CWD lab3\r\n'
INFO     [2015-04-23 22:56:28,384] b'PWD\r\n'
INFO     [2015-04-23 22:56:28,384] b'TYPE I\r\n'
INFO     [2015-04-23 22:56:28,385] b'PASV\r\n'
INFO     [2015-04-23 22:56:28,386] b'LIST\r\n'
INFO     [2015-04-23 23:05:23,374] b'USER serg\r\n'
INFO     [2015-04-23 23:05:23,375] b'PASS Klimov\r\n'
INFO     [2015-04-23 23:05:23,383] b'PWD\r\n'
INFO     [2015-04-23 23:05:32,836] b'USER kitty\r\n'
INFO     [2015-04-23 23:05:32,836] b'PASS 12345\r\n'
INFO     [2015-04-23 23:05:32,877] b'PWD\r\n'
INFO     [2015-04-23 23:05:32,877] b'TYPE I\r\n'
INFO     [2015-04-23 23:05:32,878] b'PASV\r\n'
INFO     [2015-04-23 23:05:32,880] b'LIST\r\n'
INFO     [2015-04-23 23:05:37,732] b'CWD lab2\r\n'
INFO     [2015-04-23 23:05:37,733] b'PWD\r\n'
INFO     [2015-04-23 23:05:37,734] b'PASV\r\n'
INFO     [2015-04-23 23:05:37,735] b'LIST\r\n'
INFO     [2015-04-23 23:05:57,720] b''
INFO     [2015-04-23 23:06:01,237] b''
INFO     [2015-04-23 23:18:22,404] b'USER serg\r\n'
INFO     [2015-04-23 23:18:22,405] b'PASS Klimov\r\n'
INFO     [2015-04-23 23:18:22,409] b'PWD\r\n'
INFO     [2015-04-23 23:18:22,409] b'TYPE I\r\n'
INFO     [2015-04-23 23:18:22,409] b'PASV\r\n'
INFO     [2015-04-23 23:18:22,411] b'LIST\r\n'
INFO     [2015-04-23 23:18:25,022] b'CWD D:\\common_linux\\new_labs\r\n'
INFO     [2015-04-23 23:18:25,023] b'PASV\r\n'
INFO     [2015-04-23 23:18:25,024] b'LIST\r\n'
INFO     [2015-04-23 23:18:25,750] b'CWD lab1\r\n'
INFO     [2015-04-23 23:18:25,751] b'PWD\r\n'
INFO     [2015-04-23 23:18:25,751] b'PASV\r\n'
INFO     [2015-04-23 23:18:25,753] b'LIST\r\n'
INFO     [2015-04-23 23:18:26,409] b'CDUP\r\n'
INFO     [2015-04-23 23:18:26,410] b'PWD\r\n'
INFO     [2015-04-23 23:18:29,180] b''
